0 info it worked if it ends with ok
1 verbose cli [ '/Users/Miri/.nvm/versions/node/v6.11.0/bin/node',
1 verbose cli   '/Users/Miri/.nvm/versions/node/v6.11.0/bin/npm',
1 verbose cli   'publish' ]
2 info using npm@3.10.10
3 info using node@v6.11.0
4 verbose publish [ '.' ]
5 silly cache add args [ '.', null ]
6 verbose cache add spec .
7 silly cache add parsed spec Result {
7 silly cache add   raw: '.',
7 silly cache add   scope: null,
7 silly cache add   escapedName: null,
7 silly cache add   name: null,
7 silly cache add   rawSpec: '.',
7 silly cache add   spec: '/Users/Miri/Prace/My/myPackages/ion-temp-list',
7 silly cache add   type: 'directory' }
8 verbose addLocalDirectory /Users/Miri/.npm/ion3-list/1.0.0/package.tgz not in flight; packing
9 verbose correctMkdir /Users/Miri/.npm correctMkdir not in flight; initializing
10 info lifecycle ion3-list@1.0.0~prepublish: ion3-list@1.0.0
11 verbose lifecycle ion3-list@1.0.0~prepublish: unsafe-perm in lifecycle true
12 verbose lifecycle ion3-list@1.0.0~prepublish: PATH: /Users/Miri/.nvm/versions/node/v6.11.0/lib/node_modules/npm/bin/node-gyp-bin:/Users/Miri/Prace/My/myPackages/ion-temp-list/node_modules/.bin:/Users/Miri/.nvm/versions/node/v6.11.0/bin:/Users/Miri/bin:/usr/local/bin:/usr/bin:/bin:/usr/sbin:/sbin:/usr/local/Cellar/android-sdk/24.4.1_1//tools:/usr/local/Cellar/android-sdk/24.4.1_1//platform-tools
13 verbose lifecycle ion3-list@1.0.0~prepublish: CWD: /Users/Miri/Prace/My/myPackages/ion-temp-list
14 silly lifecycle ion3-list@1.0.0~prepublish: Args: [ '-c', 'npm run build' ]
15 silly lifecycle ion3-list@1.0.0~prepublish: Returned: code: 0  signal: null
16 verbose tar pack [ '/Users/Miri/.npm/ion3-list/1.0.0/package.tgz',
16 verbose tar pack   '/Users/Miri/Prace/My/myPackages/ion-temp-list' ]
17 verbose tarball /Users/Miri/.npm/ion3-list/1.0.0/package.tgz
18 verbose folder /Users/Miri/Prace/My/myPackages/ion-temp-list
19 verbose addLocalTarball adding from inside cache /Users/Miri/.npm/ion3-list/1.0.0/package.tgz
20 verbose correctMkdir /Users/Miri/.npm correctMkdir not in flight; initializing
21 silly cache afterAdd ion3-list@1.0.0
22 verbose afterAdd /Users/Miri/.npm/ion3-list/1.0.0/package/package.json not in flight; writing
23 verbose correctMkdir /Users/Miri/.npm correctMkdir not in flight; initializing
24 verbose afterAdd /Users/Miri/.npm/ion3-list/1.0.0/package/package.json written
25 silly publish { name: 'ion3-list',
25 silly publish   version: '1.0.0',
25 silly publish   description: 'Ionic 3 template list with filtereing, dynamic loading dom',
25 silly publish   main: 'main.js',
25 silly publish   scripts: { build: 'rm -rf bundle && tsc', prepublish: 'npm run build' },
25 silly publish   keywords: [ 'Ionic3', 'Angular4', 'Dynamic', 'list' ],
25 silly publish   devDependencies:
25 silly publish    { '@angular/common': '4.1.3',
25 silly publish      '@angular/compiler': '4.1.3',
25 silly publish      '@angular/compiler-cli': '4.1.3',
25 silly publish      '@angular/core': '4.1.3',
25 silly publish      '@angular/forms': '4.1.3',
25 silly publish      '@angular/http': '4.1.3',
25 silly publish      '@angular/platform-browser': '4.1.3',
25 silly publish      '@angular/platform-browser-dynamic': '4.1.3',
25 silly publish      '@angular/platform-server': '4.1.3',
25 silly publish      '@ionic/app-scripts': '1.3.7',
25 silly publish      '@ionic/cli-plugin-ionic-angular': '^1.3.1',
25 silly publish      '@ionic/storage': '^2.0.1',
25 silly publish      'ionic-angular': '^3.3.0',
25 silly publish      'ng2-search-filter': '^0.3.1',
25 silly publish      'ngx-pipes': '^1.6.1',
25 silly publish      rxjs: '^5.1.1',
25 silly publish      'sw-toolbox': '^3.6.0',
25 silly publish      'zone.js': '^0.8.11',
25 silly publish      typescript: '^2.3.3' },
25 silly publish   author: { name: 'Miroslav Kábrt' },
25 silly publish   license: 'ISC',
25 silly publish   readme: '# ion-temp-list\nIonic3 template list\n',
25 silly publish   readmeFilename: 'README.md',
25 silly publish   gitHead: '6e46ea2e065849deed4174b7ff3b098e4684cb50',
25 silly publish   _id: 'ion3-list@1.0.0',
25 silly publish   _shasum: '5d423f70d26de9eddfce9444ebc8198633125320',
25 silly publish   _from: '.' }
26 verbose getPublishConfig undefined
27 silly mapToRegistry name ion3-list
28 silly mapToRegistry using default registry
29 silly mapToRegistry registry https://registry.npmjs.org/
30 silly mapToRegistry data Result {
30 silly mapToRegistry   raw: 'ion3-list',
30 silly mapToRegistry   scope: null,
30 silly mapToRegistry   escapedName: 'ion3-list',
30 silly mapToRegistry   name: 'ion3-list',
30 silly mapToRegistry   rawSpec: '',
30 silly mapToRegistry   spec: 'latest',
30 silly mapToRegistry   type: 'tag' }
31 silly mapToRegistry uri https://registry.npmjs.org/ion3-list
32 verbose publish registryBase https://registry.npmjs.org/
33 silly publish uploading /Users/Miri/.npm/ion3-list/1.0.0/package.tgz
34 verbose request uri https://registry.npmjs.org/ion3-list
35 verbose request sending authorization for write operation
36 info attempt registry request try #1 at 09:31:13
37 verbose request using bearer token for auth
38 verbose request id 125be45ef2fce9e7
39 http request PUT https://registry.npmjs.org/ion3-list
40 http 403 https://registry.npmjs.org/ion3-list
41 verbose headers { 'content-type': 'application/json',
41 verbose headers   'cache-control': 'max-age=300',
41 verbose headers   'content-length': '95',
41 verbose headers   'accept-ranges': 'bytes',
41 verbose headers   date: 'Wed, 09 Aug 2017 07:31:14 GMT',
41 verbose headers   via: '1.1 varnish',
41 verbose headers   connection: 'keep-alive',
41 verbose headers   'x-served-by': 'cache-ams4121-AMS',
41 verbose headers   'x-cache': 'MISS',
41 verbose headers   'x-cache-hits': '0',
41 verbose headers   'x-timer': 'S1502263874.577638,VS0,VE840',
41 verbose headers   vary: 'Accept-Encoding, Accept' }
42 verbose request invalidating /Users/Miri/.npm/registry.npmjs.org/ion3-list on PUT
43 error publish Failed PUT 403
44 verbose stack Error: "You cannot publish over the previously published version 1.0.0." : ion3-list
44 verbose stack     at makeError (/Users/Miri/.nvm/versions/node/v6.11.0/lib/node_modules/npm/node_modules/npm-registry-client/lib/request.js:302:12)
44 verbose stack     at CachingRegistryClient.<anonymous> (/Users/Miri/.nvm/versions/node/v6.11.0/lib/node_modules/npm/node_modules/npm-registry-client/lib/request.js:290:14)
44 verbose stack     at Request._callback (/Users/Miri/.nvm/versions/node/v6.11.0/lib/node_modules/npm/node_modules/npm-registry-client/lib/request.js:210:14)
44 verbose stack     at Request.self.callback (/Users/Miri/.nvm/versions/node/v6.11.0/lib/node_modules/npm/node_modules/request/request.js:187:22)
44 verbose stack     at emitTwo (events.js:106:13)
44 verbose stack     at Request.emit (events.js:191:7)
44 verbose stack     at Request.<anonymous> (/Users/Miri/.nvm/versions/node/v6.11.0/lib/node_modules/npm/node_modules/request/request.js:1048:10)
44 verbose stack     at emitOne (events.js:96:13)
44 verbose stack     at Request.emit (events.js:188:7)
44 verbose stack     at IncomingMessage.<anonymous> (/Users/Miri/.nvm/versions/node/v6.11.0/lib/node_modules/npm/node_modules/request/request.js:969:12)
45 verbose statusCode 403
46 verbose pkgid ion3-list
47 verbose cwd /Users/Miri/Prace/My/myPackages/ion-temp-list
48 error Darwin 16.6.0
49 error argv "/Users/Miri/.nvm/versions/node/v6.11.0/bin/node" "/Users/Miri/.nvm/versions/node/v6.11.0/bin/npm" "publish"
50 error node v6.11.0
51 error npm  v3.10.10
52 error code E403
53 error "You cannot publish over the previously published version 1.0.0." : ion3-list
54 error If you need help, you may report this error at:
54 error     <https://github.com/npm/npm/issues>
55 verbose exit [ 1, true ]
